<?xml version="1.0" encoding="UTF-8"?>
<!-- Generated by org.testng.reporters.JUnitXMLReporter -->
<testsuite hostname="SE07TBSGSW5FC10" failures="0" tests="4" name="Browser" time="0.297" errors="0" timestamp="19 Mar 2019 06:59:20 GMT">
  <testcase classname="com.turner.cnn.testscenarios.UserAuthorization" name="@BeforeSuite presteps" time="0.0">
    <failure type="java.lang.NullPointerException">
      <![CDATA[java.lang.NullPointerException
	at com.turner.base.utilities.support.UMReporter.initReport(UMReporter.java:59)
	at com.turner.cnn.testscenarios.BaseTest.presteps(BaseTest.java:56)
... Removed 18 stack frames]]>
    </failure>
  </testcase> <!-- @BeforeSuite presteps -->
  <testcase classname="com.turner.cnn.testscenarios.UserAuthorization" name="@BeforeClass initParentRep" time="0.0">
    <skipped/>
  </testcase> <!-- @BeforeClass initParentRep -->
  <testcase classname="com.turner.cnn.testscenarios.UserAuthorization" name="@BeforeMethod setUp" time="0.0">
    <skipped/>
  </testcase> <!-- @BeforeMethod setUp -->
  <testcase classname="com.turner.cnn.testscenarios.UserAuthorization" name="@BeforeMethod setUp" time="0.0">
    <skipped/>
  </testcase> <!-- @BeforeMethod setUp -->
  <testcase classname="com.turner.cnn.testscenarios.UserAuthorization" name="@BeforeMethod setUp" time="0.0">
    <skipped/>
  </testcase> <!-- @BeforeMethod setUp -->
  <testcase classname="com.turner.cnn.testscenarios.UserAuthorization" name="@BeforeMethod setUp" time="0.0">
    <skipped/>
  </testcase> <!-- @BeforeMethod setUp -->
  <testcase classname="com.turner.cnn.testscenarios.UserAuthorization" name="@AfterMethod tearUp" time="0.0">
    <skipped/>
  </testcase> <!-- @AfterMethod tearUp -->
  <testcase classname="com.turner.cnn.testscenarios.UserAuthorization" name="@AfterMethod tearUp" time="0.0">
    <skipped/>
  </testcase> <!-- @AfterMethod tearUp -->
  <testcase classname="com.turner.cnn.testscenarios.UserAuthorization" name="@AfterMethod tearUp" time="0.0">
    <skipped/>
  </testcase> <!-- @AfterMethod tearUp -->
  <testcase classname="com.turner.cnn.testscenarios.UserAuthorization" name="@AfterMethod tearUp" time="0.0">
    <skipped/>
  </testcase> <!-- @AfterMethod tearUp -->
  <testcase classname="com.turner.cnn.testscenarios.UserAuthorization" name="@AfterClass endParentRepo" time="0.0">
    <skipped/>
  </testcase> <!-- @AfterClass endParentRepo -->
  <testcase classname="com.turner.cnn.testscenarios.UserAuthorization" name="embedUserAuthorization" time="0.015">
    <skipped/>
  </testcase> <!-- embedUserAuthorization -->
  <testcase classname="com.turner.cnn.testscenarios.UserAuthorization" name="adminUserAuthorization" time="0.016">
    <skipped/>
  </testcase> <!-- adminUserAuthorization -->
  <testcase classname="com.turner.cnn.testscenarios.UserAuthorization" name="wireUserAuthorization" time="0.031">
    <skipped/>
  </testcase> <!-- wireUserAuthorization -->
  <testcase classname="com.turner.cnn.testscenarios.UserAuthorization" name="downloadUserAuthorization" time="0.031">
    <skipped/>
  </testcase> <!-- downloadUserAuthorization -->
</testsuite> <!-- Browser -->
